#! /usr/bin/vvp
:ivl_version "11.0 (stable)";
:ivl_delay_selection "TYPICAL";
:vpi_time_precision - 11;
:vpi_module "/usr/lib/x86_64-linux-gnu/ivl/system.vpi";
:vpi_module "/usr/lib/x86_64-linux-gnu/ivl/vhdl_sys.vpi";
:vpi_module "/usr/lib/x86_64-linux-gnu/ivl/vhdl_textio.vpi";
:vpi_module "/usr/lib/x86_64-linux-gnu/ivl/v2005_math.vpi";
:vpi_module "/usr/lib/x86_64-linux-gnu/ivl/va_math.vpi";
:vpi_module "/usr/lib/x86_64-linux-gnu/ivl/v2009.vpi";
S_0x559aa2fcf7f0 .scope package, "$unit" "$unit" 2 1;
 .timescale 0 0;
S_0x559aa2fcf980 .scope module, "tb" "tb" 3 7;
 .timescale -9 -11;
v0x559aa2ff59c0_0 .net "alucontrol", 3 0, L_0x559aa2ff73e0;  1 drivers
v0x559aa2ff5aa0_0 .var "aluflags", 3 0;
v0x559aa2ff5bb0_0 .net "flush", 0 0, L_0x559aa2ff7100;  1 drivers
v0x559aa2ff5ca0_0 .var/i "i", 31 0;
v0x559aa2ff5d60_0 .net "imm", 0 0, L_0x559aa2ff6cf0;  1 drivers
v0x559aa2ff5ea0_0 .var "instr", 7 0;
v0x559aa2ff5fb0_0 .var/i "j", 31 0;
v0x559aa2ff6090_0 .net "load", 0 0, L_0x559aa2ff68f0;  1 drivers
v0x559aa2ff6180_0 .net "memWE", 0 0, L_0x559aa2ff6b20;  1 drivers
v0x559aa2ff62b0_0 .net "offset", 0 0, L_0x559aa2ff6e60;  1 drivers
v0x559aa2ff63a0_0 .net "pccontrol", 2 0, L_0x559aa2ff7450;  1 drivers
v0x559aa2ff64b0_0 .net "regChange", 0 0, L_0x559aa2ff6c50;  1 drivers
v0x559aa2ff65a0_0 .net "regWE", 0 0, L_0x559aa2ff6990;  1 drivers
v0x559aa2ff6690_0 .net "signals", 7 0, L_0x559aa2ff77f0;  1 drivers
v0x559aa2ff6770_0 .net "store", 0 0, L_0x559aa2ff6a80;  1 drivers
LS_0x559aa2ff77f0_0_0 .concat [ 1 1 1 1], L_0x559aa2ff7100, L_0x559aa2ff6e60, L_0x559aa2ff6a80, L_0x559aa2ff68f0;
LS_0x559aa2ff77f0_0_4 .concat [ 1 1 1 1], L_0x559aa2ff6cf0, L_0x559aa2ff6c50, L_0x559aa2ff6b20, L_0x559aa2ff6990;
L_0x559aa2ff77f0 .concat [ 4 4 0 0], LS_0x559aa2ff77f0_0_0, LS_0x559aa2ff77f0_0_4;
S_0x559aa2f8dcf0 .scope module, "c" "controller" 3 18, 4 20 0, S_0x559aa2fcf980;
 .timescale -9 -11;
    .port_info 0 /INPUT 8 "instr";
    .port_info 1 /INPUT 4 "aluflags";
    .port_info 2 /OUTPUT 1 "regWE";
    .port_info 3 /OUTPUT 1 "memWE";
    .port_info 4 /OUTPUT 1 "regChange";
    .port_info 5 /OUTPUT 1 "imm";
    .port_info 6 /OUTPUT 1 "load";
    .port_info 7 /OUTPUT 1 "store";
    .port_info 8 /OUTPUT 1 "offset";
    .port_info 9 /OUTPUT 1 "flush";
    .port_info 10 /OUTPUT 3 "pccontrol";
    .port_info 11 /OUTPUT 4 "alucontrol";
L_0x559aa2fd2130 .functor BUFZ 1, L_0x559aa2ff6cf0, C4<0>, C4<0>, C4<0>;
v0x559aa2ff4f20_0 .net "alucontrol", 3 0, L_0x559aa2ff73e0;  alias, 1 drivers
v0x559aa2ff5000_0 .net "aluflags", 3 0, v0x559aa2ff5aa0_0;  1 drivers
v0x559aa2ff50a0_0 .net "flush", 0 0, L_0x559aa2ff7100;  alias, 1 drivers
v0x559aa2ff5140_0 .net "imm", 0 0, L_0x559aa2ff6cf0;  alias, 1 drivers
v0x559aa2ff5210_0 .net "immm", 0 0, L_0x559aa2fd2130;  1 drivers
v0x559aa2ff52b0_0 .net "instr", 7 0, v0x559aa2ff5ea0_0;  1 drivers
v0x559aa2ff5380_0 .net "load", 0 0, L_0x559aa2ff68f0;  alias, 1 drivers
v0x559aa2ff5450_0 .net "memWE", 0 0, L_0x559aa2ff6b20;  alias, 1 drivers
v0x559aa2ff5520_0 .net "offset", 0 0, L_0x559aa2ff6e60;  alias, 1 drivers
v0x559aa2ff55f0_0 .net "pccontrol", 2 0, L_0x559aa2ff7450;  alias, 1 drivers
v0x559aa2ff56c0_0 .net "regChange", 0 0, L_0x559aa2ff6c50;  alias, 1 drivers
v0x559aa2ff5790_0 .net "regWE", 0 0, L_0x559aa2ff6990;  alias, 1 drivers
v0x559aa2ff5860_0 .net "store", 0 0, L_0x559aa2ff6a80;  alias, 1 drivers
L_0x559aa2ff7750 .part v0x559aa2ff5ea0_0, 3, 5;
S_0x559aa2f8e000 .scope module, "ad" "aludec" 4 37, 5 17 0, S_0x559aa2f8dcf0;
 .timescale -9 -11;
    .port_info 0 /INPUT 5 "op";
    .port_info 1 /INPUT 1 "imm";
    .port_info 2 /OUTPUT 4 "alucode";
L_0x559aa2ff73e0 .functor BUFZ 4, v0x559aa2ff36f0_0, C4<0000>, C4<0000>, C4<0000>;
v0x559aa2fcfb10_0 .net "alucode", 3 0, L_0x559aa2ff73e0;  alias, 1 drivers
v0x559aa2ff36f0_0 .var "ctrl", 3 0;
v0x559aa2ff37d0_0 .net "imm", 0 0, L_0x559aa2fd2130;  alias, 1 drivers
v0x559aa2ff3870_0 .net "op", 4 0, L_0x559aa2ff7750;  1 drivers
E_0x559aa2fcd410 .event edge, v0x559aa2ff3870_0, v0x559aa2ff36f0_0, v0x559aa2ff37d0_0;
S_0x559aa2ff39d0 .scope module, "md" "maindec" 4 36, 6 17 0, S_0x559aa2f8dcf0;
 .timescale -9 -11;
    .port_info 0 /INPUT 8 "op";
    .port_info 1 /INPUT 4 "flags";
    .port_info 2 /OUTPUT 1 "regWE";
    .port_info 3 /OUTPUT 1 "memWE";
    .port_info 4 /OUTPUT 1 "regChange";
    .port_info 5 /OUTPUT 1 "imm";
    .port_info 6 /OUTPUT 1 "load";
    .port_info 7 /OUTPUT 1 "store";
    .port_info 8 /OUTPUT 1 "offset";
    .port_info 9 /OUTPUT 1 "flush";
    .port_info 10 /OUTPUT 3 "bcode";
v0x559aa2ff3ce0_0 .net *"_ivl_12", 10 0, L_0x559aa2ff7340;  1 drivers
L_0x7fc7efdbf018 .functor BUFT 1, C4<0>, C4<0>, C4<0>, C4<0>;
v0x559aa2ff3de0_0 .net *"_ivl_15", 0 0, L_0x7fc7efdbf018;  1 drivers
v0x559aa2ff3ec0_0 .net *"_ivl_19", 3 0, L_0x559aa2ff74f0;  1 drivers
v0x559aa2ff3f80_0 .net "bcode", 2 0, L_0x559aa2ff7450;  alias, 1 drivers
v0x559aa2ff4060_0 .var "controls", 9 0;
v0x559aa2ff4190_0 .net "flags", 3 0, v0x559aa2ff5aa0_0;  alias, 1 drivers
v0x559aa2ff4270_0 .net "flush", 0 0, L_0x559aa2ff7100;  alias, 1 drivers
v0x559aa2ff4330_0 .net "imm", 0 0, L_0x559aa2ff6cf0;  alias, 1 drivers
v0x559aa2ff43f0_0 .net "jmp", 0 0, L_0x559aa2ff7610;  1 drivers
v0x559aa2ff44b0_0 .net "load", 0 0, L_0x559aa2ff68f0;  alias, 1 drivers
v0x559aa2ff4570_0 .net "memWE", 0 0, L_0x559aa2ff6b20;  alias, 1 drivers
v0x559aa2ff4630_0 .net "offset", 0 0, L_0x559aa2ff6e60;  alias, 1 drivers
v0x559aa2ff46f0_0 .net "op", 7 0, v0x559aa2ff5ea0_0;  alias, 1 drivers
v0x559aa2ff47d0_0 .net "regChange", 0 0, L_0x559aa2ff6c50;  alias, 1 drivers
v0x559aa2ff4890_0 .net "regWE", 0 0, L_0x559aa2ff6990;  alias, 1 drivers
v0x559aa2ff4950_0 .net "shft", 0 0, L_0x559aa2ff6f00;  1 drivers
v0x559aa2ff4a10_0 .net "sop", 0 0, L_0x559aa2ff71a0;  1 drivers
v0x559aa2ff4be0_0 .net "store", 0 0, L_0x559aa2ff6a80;  alias, 1 drivers
v0x559aa2ff4ca0_0 .net "top", 0 0, L_0x559aa2ff72a0;  1 drivers
E_0x559aa2fcdbc0 .event edge, v0x559aa2ff46f0_0;
L_0x559aa2ff68f0 .part L_0x559aa2ff7340, 10, 1;
L_0x559aa2ff6990 .part L_0x559aa2ff7340, 9, 1;
L_0x559aa2ff6a80 .part L_0x559aa2ff7340, 8, 1;
L_0x559aa2ff6b20 .part L_0x559aa2ff7340, 7, 1;
L_0x559aa2ff6c50 .part L_0x559aa2ff7340, 6, 1;
L_0x559aa2ff6cf0 .part L_0x559aa2ff7340, 5, 1;
L_0x559aa2ff6e60 .part L_0x559aa2ff7340, 4, 1;
L_0x559aa2ff6f00 .part L_0x559aa2ff7340, 3, 1;
L_0x559aa2ff7100 .part L_0x559aa2ff7340, 2, 1;
L_0x559aa2ff71a0 .part L_0x559aa2ff7340, 1, 1;
L_0x559aa2ff72a0 .part L_0x559aa2ff7340, 0, 1;
L_0x559aa2ff7340 .concat [ 10 1 0 0], v0x559aa2ff4060_0, L_0x7fc7efdbf018;
L_0x559aa2ff7450 .concat [ 1 1 1 0], L_0x559aa2ff72a0, L_0x559aa2ff71a0, L_0x559aa2ff7610;
L_0x559aa2ff74f0 .part v0x559aa2ff5ea0_0, 0, 4;
L_0x559aa2ff7610 .cmp/eq 4, v0x559aa2ff5aa0_0, L_0x559aa2ff74f0;
    .scope S_0x559aa2ff39d0;
T_0 ;
    %wait E_0x559aa2fcdbc0;
    %load/vec4 v0x559aa2ff46f0_0;
    %parti/s 2, 6, 4;
    %dup/vec4;
    %pushi/vec4 0, 0, 2;
    %cmp/u;
    %jmp/1 T_0.0, 6;
    %dup/vec4;
    %pushi/vec4 1, 0, 2;
    %cmp/u;
    %jmp/1 T_0.1, 6;
    %dup/vec4;
    %pushi/vec4 2, 0, 2;
    %cmp/u;
    %jmp/1 T_0.2, 6;
    %dup/vec4;
    %pushi/vec4 3, 0, 2;
    %cmp/u;
    %jmp/1 T_0.3, 6;
    %jmp T_0.4;
T_0.0 ;
    %pushi/vec4 512, 0, 10;
    %assign/vec4 v0x559aa2ff4060_0, 0;
    %jmp T_0.4;
T_0.1 ;
    %load/vec4 v0x559aa2ff46f0_0;
    %parti/s 2, 4, 4;
    %dup/vec4;
    %pushi/vec4 1, 0, 2;
    %cmp/u;
    %jmp/1 T_0.5, 6;
    %pushi/vec4 544, 0, 10;
    %assign/vec4 v0x559aa2ff4060_0, 0;
    %jmp T_0.7;
T_0.5 ;
    %pushi/vec4 256, 0, 10;
    %assign/vec4 v0x559aa2ff4060_0, 0;
    %jmp T_0.7;
T_0.7 ;
    %pop/vec4 1;
    %jmp T_0.4;
T_0.2 ;
    %load/vec4 v0x559aa2ff46f0_0;
    %parti/s 1, 4, 4;
    %inv;
    %load/vec4 v0x559aa2ff46f0_0;
    %parti/s 1, 4, 4;
    %inv;
    %concat/vec4; draw_concat_vec4
    %load/vec4 v0x559aa2ff46f0_0;
    %parti/s 1, 4, 4;
    %concat/vec4; draw_concat_vec4
    %load/vec4 v0x559aa2ff46f0_0;
    %parti/s 1, 4, 4;
    %concat/vec4; draw_concat_vec4
    %concati/vec4 0, 0, 1;
    %load/vec4 v0x559aa2ff46f0_0;
    %parti/s 1, 5, 4;
    %concat/vec4; draw_concat_vec4
    %load/vec4 v0x559aa2ff46f0_0;
    %parti/s 1, 5, 4;
    %concat/vec4; draw_concat_vec4
    %concati/vec4 0, 0, 2;
    %pad/u 10;
    %assign/vec4 v0x559aa2ff4060_0, 0;
    %jmp T_0.4;
T_0.3 ;
    %load/vec4 v0x559aa2ff46f0_0;
    %parti/s 4, 2, 3;
    %dup/vec4;
    %pushi/vec4 12, 0, 4;
    %cmp/u;
    %jmp/1 T_0.8, 6;
    %dup/vec4;
    %pushi/vec4 13, 0, 4;
    %cmp/u;
    %jmp/1 T_0.9, 6;
    %dup/vec4;
    %pushi/vec4 14, 0, 4;
    %cmp/u;
    %jmp/1 T_0.10, 6;
    %dup/vec4;
    %pushi/vec4 15, 0, 4;
    %cmp/u;
    %jmp/1 T_0.11, 6;
    %dup/vec4;
    %pushi/vec4 11, 3, 4;
    %cmp/u;
    %jmp/1 T_0.12, 6;
    %dup/vec4;
    %pushi/vec4 3, 3, 4;
    %cmp/u;
    %jmp/1 T_0.13, 6;
    %pushi/vec4 51, 0, 10;
    %assign/vec4 v0x559aa2ff4060_0, 0;
    %jmp T_0.15;
T_0.8 ;
    %pushi/vec4 520, 0, 10;
    %assign/vec4 v0x559aa2ff4060_0, 0;
    %jmp T_0.15;
T_0.9 ;
    %pushi/vec4 520, 0, 10;
    %assign/vec4 v0x559aa2ff4060_0, 0;
    %jmp T_0.15;
T_0.10 ;
    %pushi/vec4 68, 0, 10;
    %assign/vec4 v0x559aa2ff4060_0, 0;
    %jmp T_0.15;
T_0.11 ;
    %pushi/vec4 4, 0, 10;
    %assign/vec4 v0x559aa2ff4060_0, 0;
    %jmp T_0.15;
T_0.12 ;
    %pushi/vec4 18, 0, 10;
    %assign/vec4 v0x559aa2ff4060_0, 0;
    %jmp T_0.15;
T_0.13 ;
    %pushi/vec4 6, 0, 8;
    %load/vec4 v0x559aa2ff46f0_0;
    %parti/s 4, 0, 2;
    %pad/u 32;
    %pushi/vec4 1111, 0, 32;
    %cmp/e;
    %flag_get/vec4 4;
    %concat/vec4; draw_concat_vec4
    %concati/vec4 1, 0, 2;
    %pad/u 10;
    %assign/vec4 v0x559aa2ff4060_0, 0;
    %jmp T_0.15;
T_0.15 ;
    %pop/vec4 1;
    %jmp T_0.4;
T_0.4 ;
    %pop/vec4 1;
    %jmp T_0;
    .thread T_0, $push;
    .scope S_0x559aa2f8e000;
T_1 ;
    %wait E_0x559aa2fcd410;
    %load/vec4 v0x559aa2ff3870_0;
    %parti/s 2, 3, 3;
    %dup/vec4;
    %pushi/vec4 0, 0, 2;
    %cmp/u;
    %jmp/1 T_1.0, 6;
    %dup/vec4;
    %pushi/vec4 1, 0, 2;
    %cmp/u;
    %jmp/1 T_1.1, 6;
    %pushi/vec4 0, 0, 4;
    %assign/vec4 v0x559aa2ff36f0_0, 0;
    %jmp T_1.3;
T_1.0 ;
    %load/vec4 v0x559aa2ff36f0_0;
    %cmpi/e 1, 0, 4;
    %jmp/0xz  T_1.4, 4;
    %pushi/vec4 0, 0, 4;
    %assign/vec4 v0x559aa2ff36f0_0, 0;
    %jmp T_1.5;
T_1.4 ;
    %load/vec4 v0x559aa2ff3870_0;
    %parti/s 4, 0, 2;
    %assign/vec4 v0x559aa2ff36f0_0, 0;
T_1.5 ;
    %jmp T_1.3;
T_1.1 ;
    %load/vec4 v0x559aa2ff37d0_0;
    %flag_set/vec4 8;
    %jmp/0xz  T_1.6, 8;
    %pushi/vec4 0, 0, 1;
    %load/vec4 v0x559aa2ff3870_0;
    %parti/s 3, 0, 2;
    %concat/vec4; draw_concat_vec4
    %assign/vec4 v0x559aa2ff36f0_0, 0;
    %jmp T_1.7;
T_1.6 ;
    %load/vec4 v0x559aa2ff3870_0;
    %parti/s 4, 0, 2;
    %assign/vec4 v0x559aa2ff36f0_0, 0;
T_1.7 ;
    %jmp T_1.3;
T_1.3 ;
    %pop/vec4 1;
    %jmp T_1;
    .thread T_1, $push;
    .scope S_0x559aa2fcf980;
T_2 ;
    %pushi/vec4 0, 0, 32;
    %store/vec4 v0x559aa2ff5ca0_0, 0, 32;
T_2.0 ;
    %load/vec4 v0x559aa2ff5ca0_0;
    %cmpi/s 256, 0, 32;
    %jmp/0xz T_2.1, 5;
    %pushi/vec4 0, 0, 32;
    %store/vec4 v0x559aa2ff5fb0_0, 0, 32;
T_2.2 ;
    %load/vec4 v0x559aa2ff5fb0_0;
    %cmpi/s 16, 0, 32;
    %jmp/0xz T_2.3, 5;
    %load/vec4 v0x559aa2ff5ca0_0;
    %pad/s 8;
    %store/vec4 v0x559aa2ff5ea0_0, 0, 8;
    %load/vec4 v0x559aa2ff5fb0_0;
    %pad/s 4;
    %store/vec4 v0x559aa2ff5aa0_0, 0, 4;
    %vpi_call/w 3 43 "$display", "%6d, %8b, %4b, %8b, %3b, %4b", $time, v0x559aa2ff5ea0_0, v0x559aa2ff5aa0_0, v0x559aa2ff6690_0, v0x559aa2ff63a0_0, v0x559aa2ff59c0_0 {0 0 0};
    ; show_stmt_assign_vector: Get l-value for compressed += operand
    %load/vec4 v0x559aa2ff5fb0_0;
    %pushi/vec4 1, 0, 32;
    %add;
    %store/vec4 v0x559aa2ff5fb0_0, 0, 32;
    %jmp T_2.2;
T_2.3 ;
    ; show_stmt_assign_vector: Get l-value for compressed += operand
    %load/vec4 v0x559aa2ff5ca0_0;
    %pushi/vec4 1, 0, 32;
    %add;
    %store/vec4 v0x559aa2ff5ca0_0, 0, 32;
    %jmp T_2.0;
T_2.1 ;
    %end;
    .thread T_2;
# The file index is used to find the file name in the following table.
:file_names 7;
    "N/A";
    "<interactive>";
    "-";
    "addtest.sv";
    "./elements/controller.sv";
    "elements/aludec.sv";
    "elements/decoder.sv";
